<?xml version="1.0" encoding="utf-8"?><testsuites name="pytest tests"><testsuite name="pytest" errors="0" failures="0" skipped="0" tests="12" time="3.522" timestamp="2026-06-26T19:45:57.488544+00:00" hostname="agent-env-fbdfdd60-a658-4e04-9a96-9ab0ffa56d74"><testcase classname="tests.test_monthly_goals.TestRegression" name="test_tasks_list" time="0.273" /><testcase classname="tests.test_monthly_goals.TestMonthlyGoals" name="test_list_returns_array" time="0.264" /><testcase classname="tests.test_monthly_goals.TestMonthlyGoals" name="test_create_valid_list_types" time="0.908" /><testcase classname="tests.test_monthly_goals.TestRegression" name="test_shopping_list" time="0.137" /><testcase classname="tests.test_monthly_goals.TestRegression" name="test_me_time_list" time="0.147" /><testcase classname="tests.test_monthly_goals.TestRegression" name="test_quote_today" time="0.104" /><testcase classname="tests.test_monthly_goals.TestMonthlyGoals" name="test_create_invalid_list_type" time="0.108" /><testcase classname="tests.test_monthly_goals.TestMonthlyGoals" name="test_filter_by_list_type" time="0.475" /><testcase classname="tests.test_monthly_goals.TestMonthlyGoals" name="test_auto_increment_order" time="0.513" /><testcase classname="tests.test_monthly_goals.TestMonthlyGoals" name="test_update_title_and_checked" time="0.432" /><testcase classname="tests.test_monthly_goals.TestMonthlyGoals" name="test_update_unknown_id" time="0.100" /><testcase classname="tests.test_monthly_goals.TestMonthlyGoals" name="test_delete_and_404" time="0.190" /></testsuite></testsuites>