<?xml version="1.0" encoding="utf-8"?><testsuites name="pytest tests"><testsuite name="pytest" errors="0" failures="1" skipped="0" tests="33" time="7.072" timestamp="2026-07-02T10:04:34.049109+00:00" hostname="agent-env-fbdfdd60-a658-4e04-9a96-9ab0ffa56d74"><testcase classname="tests.test_monthly_goals.TestMonthKey" name="test_existing_items_have_month_key" time="0.294" /><testcase classname="tests.test_monthly_goals.TestMonthlyGoals" name="test_list_returns_array" time="0.233" /><testcase classname="tests.test_monthly_goals.TestMonthlyGoals" name="test_create_valid_list_types" time="0.957" /><testcase classname="tests.test_monthly_goals.TestMonthKey" name="test_months_endpoint" time="0.124" /><testcase classname="tests.test_monthly_goals.TestMonthKey" name="test_filter_by_month_key_empty" time="0.170" /><testcase classname="tests.test_monthly_goals.TestMonthKey" name="test_filter_by_month_key_current" time="0.185" /><testcase classname="tests.test_monthly_goals.TestMonthKey" name="test_create_with_explicit_month_key" time="0.362" /><testcase classname="tests.test_monthly_goals.TestMonthKey" name="test_create_without_month_key_uses_default" time="0.194" /><testcase classname="tests.test_monthly_goals.TestMonthlyGoals" name="test_create_invalid_list_type" time="0.131" /><testcase classname="tests.test_monthly_goals.TestMonthlyGoals" name="test_filter_by_list_type" time="0.447" /><testcase classname="tests.test_auth.TestAuthMe" name="test_me_without_token_returns_401" time="0.147" /><testcase classname="tests.test_auth.TestAuthMe" name="test_me_with_bearer_returns_user" time="0.824" /><testcase classname="tests.test_monthly_goals.TestMonthlyGoals" name="test_auto_increment_order" time="0.561" /><testcase classname="tests.test_auth.TestAuthMe" name="test_me_with_cookie_returns_user" time="0.954" /><testcase classname="tests.test_monthly_goals.TestMonthlyGoals" name="test_update_title_and_checked" time="0.475" /><testcase classname="tests.test_monthly_goals.TestMonthlyGoals" name="test_update_unknown_id" time="0.091" /><testcase classname="tests.test_monthly_goals.TestMonthlyGoals" name="test_delete_and_404" time="0.182" /><testcase classname="tests.test_auth.TestExistingEndpointsHealthy" name="test_tasks_list" time="0.099" /><testcase classname="tests.test_auth.TestExistingEndpointsHealthy" name="test_shopping_list" time="0.100" /><testcase classname="tests.test_auth.TestAuthMe" name="test_me_with_invalid_bearer_returns_401" time="0.139" /><testcase classname="tests.test_auth.TestExistingEndpointsHealthy" name="test_me_time_list" time="0.427" /><testcase classname="tests.test_auth.TestAuthMe" name="test_me_with_expired_session_returns_401" time="1.187" /><testcase classname="tests.test_auth.TestExistingEndpointsHealthy" name="test_monthly_goals_list" time="0.102" /><testcase classname="tests.test_auth.TestAuthLogout" name="test_logout_without_token_idempotent_200" time="0.097" /><testcase classname="tests.test_auth.TestAuthLogout" name="test_logout_with_bearer_deletes_session" time="1.040"><failure message="AssertionError: assert False&#10; +  where False = _session_exists('sess_test_1782986678244')">backend/tests/test_auth.py:136: in test_logout_with_bearer_deletes_session
    assert _session_exists(token)
E   AssertionError: assert False
E    +  where False = _session_exists('sess_test_1782986678244')</failure></testcase><testcase classname="tests.test_monthly_goals.TestRegression" name="test_tasks_list" time="0.096" /><testcase classname="tests.test_monthly_goals.TestRegression" name="test_shopping_list" time="0.096" /><testcase classname="tests.test_monthly_goals.TestRegression" name="test_me_time_list" time="0.097" /><testcase classname="tests.test_monthly_goals.TestRegression" name="test_quote_today" time="0.107" /><testcase classname="tests.test_auth.TestAuthLogout" name="test_logout_with_cookie_deletes_session" time="1.107" /><testcase classname="tests.test_monthly_goals.TestAuthRegression" name="test_auth_me_401_without_token" time="0.148" /><testcase classname="tests.test_auth.TestAuthSession" name="test_empty_body_returns_422" time="0.093" /><testcase classname="tests.test_auth.TestAuthSession" name="test_invalid_session_id_returns_401" time="0.563" /></testsuite></testsuites>