<?xml version="1.0" encoding="utf-8"?><testsuites name="pytest tests"><testsuite name="pytest" errors="0" failures="1" skipped="0" tests="33" time="6.915" timestamp="2026-07-02T09:44:03.095805+00:00" hostname="agent-env-fbdfdd60-a658-4e04-9a96-9ab0ffa56d74"><testcase classname="tests.test_monthly_goals.TestMonthlyGoals" name="test_list_returns_array" time="0.256" /><testcase classname="tests.test_monthly_goals.TestMonthKey" name="test_existing_items_have_month_key" time="0.227" /><testcase classname="tests.test_monthly_goals.TestMonthKey" name="test_months_endpoint" time="0.107" /><testcase classname="tests.test_monthly_goals.TestMonthlyGoals" name="test_create_valid_list_types" time="0.948" /><testcase classname="tests.test_monthly_goals.TestMonthKey" name="test_filter_by_month_key_empty" time="0.146" /><testcase classname="tests.test_monthly_goals.TestMonthKey" name="test_filter_by_month_key_current" time="0.175" /><testcase classname="tests.test_monthly_goals.TestMonthKey" name="test_create_with_explicit_month_key" time="0.319" /><testcase classname="tests.test_monthly_goals.TestMonthKey" name="test_create_without_month_key_uses_default" time="0.196" /><testcase classname="tests.test_auth.TestAuthMe" name="test_me_without_token_returns_401" time="0.175" /><testcase classname="tests.test_monthly_goals.TestMonthlyGoals" name="test_create_invalid_list_type" time="0.095" /><testcase classname="tests.test_monthly_goals.TestMonthlyGoals" name="test_filter_by_list_type" time="0.531" /><testcase classname="tests.test_auth.TestAuthMe" name="test_me_with_bearer_returns_user" time="0.897" /><testcase classname="tests.test_monthly_goals.TestMonthlyGoals" name="test_auto_increment_order" time="0.485" /><testcase classname="tests.test_auth.TestAuthMe" name="test_me_with_cookie_returns_user" time="0.788" /><testcase classname="tests.test_monthly_goals.TestMonthlyGoals" name="test_update_title_and_checked" time="0.458" /><testcase classname="tests.test_monthly_goals.TestMonthlyGoals" name="test_update_unknown_id" time="0.094" /><testcase classname="tests.test_monthly_goals.TestMonthlyGoals" name="test_delete_and_404" time="0.214" /><testcase classname="tests.test_auth.TestAuthMe" name="test_me_with_invalid_bearer_returns_401" time="0.093" /><testcase classname="tests.test_auth.TestExistingEndpointsHealthy" name="test_tasks_list" time="0.103" /><testcase classname="tests.test_auth.TestAuthMe" name="test_me_with_expired_session_returns_401" time="1.217" /><testcase classname="tests.test_auth.TestExistingEndpointsHealthy" name="test_shopping_list" time="0.106" /><testcase classname="tests.test_auth.TestExistingEndpointsHealthy" name="test_me_time_list" time="0.096" /><testcase classname="tests.test_auth.TestExistingEndpointsHealthy" name="test_monthly_goals_list" time="0.105" /><testcase classname="tests.test_auth.TestAuthLogout" name="test_logout_without_token_idempotent_200" time="0.098" /><testcase classname="tests.test_auth.TestAuthLogout" name="test_logout_with_bearer_deletes_session" time="1.071"><failure message="AssertionError: assert False&#10; +  where False = _session_exists('sess_test_1782985447087')">backend/tests/test_auth.py:136: in test_logout_with_bearer_deletes_session
    assert _session_exists(token)
E   AssertionError: assert False
E    +  where False = _session_exists('sess_test_1782985447087')</failure></testcase><testcase classname="tests.test_monthly_goals.TestRegression" name="test_tasks_list" time="0.097" /><testcase classname="tests.test_monthly_goals.TestRegression" name="test_shopping_list" time="0.096" /><testcase classname="tests.test_monthly_goals.TestRegression" name="test_me_time_list" time="0.145" /><testcase classname="tests.test_monthly_goals.TestRegression" name="test_quote_today" time="0.096" /><testcase classname="tests.test_auth.TestAuthLogout" name="test_logout_with_cookie_deletes_session" time="1.096" /><testcase classname="tests.test_monthly_goals.TestAuthRegression" name="test_auth_me_401_without_token" time="0.101" /><testcase classname="tests.test_auth.TestAuthSession" name="test_empty_body_returns_422" time="0.105" /><testcase classname="tests.test_auth.TestAuthSession" name="test_invalid_session_id_returns_401" time="0.568" /></testsuite></testsuites>