<?xml version="1.0" encoding="utf-8"?><testsuites name="pytest tests"><testsuite name="pytest" errors="0" failures="0" skipped="0" tests="14" time="7.623" timestamp="2026-06-26T20:03:37.298322+00:00" hostname="agent-env-fbdfdd60-a658-4e04-9a96-9ab0ffa56d74"><testcase classname="tests.test_auth.TestExistingEndpointsHealthy" name="test_tasks_list" time="0.265" /><testcase classname="tests.test_auth.TestAuthMe" name="test_me_without_token_returns_401" time="0.277" /><testcase classname="tests.test_auth.TestExistingEndpointsHealthy" name="test_shopping_list" time="0.124" /><testcase classname="tests.test_auth.TestAuthMe" name="test_me_with_bearer_returns_user" time="1.317" /><testcase classname="tests.test_auth.TestExistingEndpointsHealthy" name="test_me_time_list" time="0.187" /><testcase classname="tests.test_auth.TestExistingEndpointsHealthy" name="test_monthly_goals_list" time="0.202" /><testcase classname="tests.test_auth.TestAuthLogout" name="test_logout_without_token_idempotent_200" time="0.180" /><testcase classname="tests.test_auth.TestAuthLogout" name="test_logout_with_bearer_deletes_session" time="3.249" /><testcase classname="tests.test_auth.TestAuthMe" name="test_me_with_cookie_returns_user" time="1.672" /><testcase classname="tests.test_auth.TestAuthMe" name="test_me_with_invalid_bearer_returns_401" time="0.162" /><testcase classname="tests.test_auth.TestAuthMe" name="test_me_with_expired_session_returns_401" time="2.257" /><testcase classname="tests.test_auth.TestAuthLogout" name="test_logout_with_cookie_deletes_session" time="2.070" /><testcase classname="tests.test_auth.TestAuthSession" name="test_empty_body_returns_422" time="0.141" /><testcase classname="tests.test_auth.TestAuthSession" name="test_invalid_session_id_returns_401" time="0.656" /></testsuite></testsuites>