<?xml version="1.0" encoding="utf-8"?><testsuites name="pytest tests"><testsuite name="pytest" errors="0" failures="0" skipped="0" tests="19" time="6.398" timestamp="2026-06-26T20:44:00.111692+00:00" hostname="agent-env-fbdfdd60-a658-4e04-9a96-9ab0ffa56d74"><testcase classname="tests.test_monthly_goals.TestMonthKey" name="test_existing_items_have_month_key" time="0.281" /><testcase classname="tests.test_monthly_goals.TestMonthlyGoals" name="test_list_returns_array" time="0.276" /><testcase classname="tests.test_monthly_goals.TestMonthlyGoals" name="test_create_valid_list_types" time="0.990" /><testcase classname="tests.test_monthly_goals.TestMonthKey" name="test_months_endpoint" time="0.096" /><testcase classname="tests.test_monthly_goals.TestMonthKey" name="test_filter_by_month_key_empty" time="0.098" /><testcase classname="tests.test_monthly_goals.TestMonthKey" name="test_filter_by_month_key_current" time="0.139" /><testcase classname="tests.test_monthly_goals.TestMonthKey" name="test_create_with_explicit_month_key" time="0.344" /><testcase classname="tests.test_monthly_goals.TestMonthKey" name="test_create_without_month_key_uses_default" time="0.240" /><testcase classname="tests.test_monthly_goals.TestRegression" name="test_tasks_list" time="0.111" /><testcase classname="tests.test_monthly_goals.TestMonthlyGoals" name="test_create_invalid_list_type" time="0.103" /><testcase classname="tests.test_monthly_goals.TestRegression" name="test_shopping_list" time="0.099" /><testcase classname="tests.test_monthly_goals.TestMonthlyGoals" name="test_filter_by_list_type" time="0.440" /><testcase classname="tests.test_monthly_goals.TestRegression" name="test_me_time_list" time="0.153" /><testcase classname="tests.test_monthly_goals.TestRegression" name="test_quote_today" time="4.103" /><testcase classname="tests.test_monthly_goals.TestMonthlyGoals" name="test_auto_increment_order" time="0.516" /><testcase classname="tests.test_monthly_goals.TestMonthlyGoals" name="test_update_title_and_checked" time="0.387" /><testcase classname="tests.test_monthly_goals.TestMonthlyGoals" name="test_update_unknown_id" time="0.107" /><testcase classname="tests.test_monthly_goals.TestMonthlyGoals" name="test_delete_and_404" time="0.207" /><testcase classname="tests.test_monthly_goals.TestAuthRegression" name="test_auth_me_401_without_token" time="0.165" /></testsuite></testsuites>